121207 23:19:59 [Note] Plugin 'FEDERATED' is disabled.
121207 23:19:59 InnoDB: The InnoDB memory heap is disabled
121207 23:19:59 InnoDB: Mutexes and rw_locks use Windows interlocked functions
121207 23:19:59 InnoDB: Compressed tables use zlib 1.2.3
121207 23:19:59 InnoDB: Initializing buffer pool, size = 107.0M
121207 23:19:59 InnoDB: Completed initialization of buffer pool
InnoDB: The first specified data file S:\Git\MineshafterSquared\database\ibdata1 did not exist:
InnoDB: a new database to be created!
121207 23:19:59  InnoDB: Setting file S:\Git\MineshafterSquared\database\ibdata1 size to 10 MB
InnoDB: Database physically writes the file full: wait...
121207 23:20:01  InnoDB: Log file .\ib_logfile0 did not exist: new to be created
InnoDB: Setting log file .\ib_logfile0 size to 54 MB
InnoDB: Database physically writes the file full: wait...
121207 23:20:01  InnoDB: Log file .\ib_logfile1 did not exist: new to be created
InnoDB: Setting log file .\ib_logfile1 size to 54 MB
InnoDB: Database physically writes the file full: wait...
InnoDB: Doublewrite buffer not found: creating new
InnoDB: Doublewrite buffer created
InnoDB: 127 rollback segment(s) active.
InnoDB: Creating foreign key constraint system tables
InnoDB: Foreign key constraint system tables created
121207 23:20:02  InnoDB: Waiting for the background threads to start
121207 23:20:03 InnoDB: 1.1.8 started; log sequence number 0
121207 23:20:03 [Note] Server hostname (bind-address): '0.0.0.0'; port: 3306
121207 23:20:03 [Note]   - '0.0.0.0' resolves to '0.0.0.0';
121207 23:20:03 [Note] Server socket created on IP: '0.0.0.0'.
121207 23:20:03 [Note] Event Scheduler: Loaded 0 events
121207 23:20:03 [Note] C:\Program Files\MySQL\MySQL Server 5.5\bin\mysqld: ready for connections.
Version: '5.5.28'  socket: ''  port: 3306  MySQL Community Server (GPL)
121208  7:00:34 [Note] C:\Program Files\MySQL\MySQL Server 5.5\bin\mysqld: Normal shutdown

121208  7:00:34 [Note] Event Scheduler: Purging the queue. 0 events
121208  7:00:34  InnoDB: Starting shutdown...
121208  7:00:35  InnoDB: Shutdown completed; log sequence number 1595675
121208  7:00:35 [Note] C:\Program Files\MySQL\MySQL Server 5.5\bin\mysqld: Shutdown complete

121208  7:01:25 [Note] Plugin 'FEDERATED' is disabled.
121208  7:01:25 InnoDB: The InnoDB memory heap is disabled
121208  7:01:25 InnoDB: Mutexes and rw_locks use Windows interlocked functions
121208  7:01:25 InnoDB: Compressed tables use zlib 1.2.3
121208  7:01:25 InnoDB: Initializing buffer pool, size = 107.0M
121208  7:01:25 InnoDB: Completed initialization of buffer pool
121208  7:01:25 InnoDB: highest supported file format is Barracuda.
121208  7:01:25  InnoDB: Waiting for the background threads to start
121208  7:01:26 InnoDB: 1.1.8 started; log sequence number 1595675
121208  7:01:26 [Note] Server hostname (bind-address): '0.0.0.0'; port: 3306
121208  7:01:26 [Note]   - '0.0.0.0' resolves to '0.0.0.0';
121208  7:01:26 [Note] Server socket created on IP: '0.0.0.0'.
121208  7:01:26 [Note] Event Scheduler: Loaded 0 events
121208  7:01:26 [Note] C:\Program Files\MySQL\MySQL Server 5.5\bin\mysqld: ready for connections.
Version: '5.5.28'  socket: ''  port: 3306  MySQL Community Server (GPL)
121208  7:12:29 [Note] C:\Program Files\MySQL\MySQL Server 5.5\bin\mysqld: Normal shutdown

121208  7:12:29 [Note] Event Scheduler: Purging the queue. 0 events
121208  7:12:29  InnoDB: Starting shutdown...
121208  7:12:29  InnoDB: Shutdown completed; log sequence number 1595675
121208  7:12:29 [Note] C:\Program Files\MySQL\MySQL Server 5.5\bin\mysqld: Shutdown complete

121208  7:14:12 [Note] Plugin 'FEDERATED' is disabled.
121208  7:14:12 InnoDB: The InnoDB memory heap is disabled
121208  7:14:12 InnoDB: Mutexes and rw_locks use Windows interlocked functions
121208  7:14:12 InnoDB: Compressed tables use zlib 1.2.3
121208  7:14:12 InnoDB: Initializing buffer pool, size = 107.0M
121208  7:14:12 InnoDB: Completed initialization of buffer pool
121208  7:14:12 InnoDB: highest supported file format is Barracuda.
121208  7:14:13  InnoDB: Waiting for the background threads to start
121208  7:14:14 InnoDB: 1.1.8 started; log sequence number 1595675
121208  7:14:14 [Note] Server hostname (bind-address): '0.0.0.0'; port: 3306
121208  7:14:14 [Note]   - '0.0.0.0' resolves to '0.0.0.0';
121208  7:14:14 [Note] Server socket created on IP: '0.0.0.0'.
121208  7:14:14 [Note] Event Scheduler: Loaded 0 events
121208  7:14:14 [Note] C:\Program Files\MySQL\MySQL Server 5.5\bin\mysqld: ready for connections.
Version: '5.5.28'  socket: ''  port: 3306  MySQL Community Server (GPL)
121212 11:40:19 [Note] C:\Program Files\MySQL\MySQL Server 5.5\bin\mysqld: Normal shutdown

121212 11:40:19 [Note] Event Scheduler: Purging the queue. 0 events
121212 11:40:19  InnoDB: Starting shutdown...
121212 11:40:21  InnoDB: Shutdown completed; log sequence number 1691584
121212 11:40:21 [Note] C:\Program Files\MySQL\MySQL Server 5.5\bin\mysqld: Shutdown complete

121212 11:41:11 [Note] Plugin 'FEDERATED' is disabled.
121212 11:41:11 InnoDB: The InnoDB memory heap is disabled
121212 11:41:11 InnoDB: Mutexes and rw_locks use Windows interlocked functions
121212 11:41:11 InnoDB: Compressed tables use zlib 1.2.3
121212 11:41:11 InnoDB: Initializing buffer pool, size = 107.0M
121212 11:41:11 InnoDB: Completed initialization of buffer pool
121212 11:41:11 InnoDB: highest supported file format is Barracuda.
121212 11:41:11  InnoDB: Waiting for the background threads to start
121212 11:41:12 InnoDB: 1.1.8 started; log sequence number 1691584
121212 11:41:12 [Note] Server hostname (bind-address): '0.0.0.0'; port: 3306
121212 11:41:12 [Note]   - '0.0.0.0' resolves to '0.0.0.0';
121212 11:41:12 [Note] Server socket created on IP: '0.0.0.0'.
121212 11:41:12 [Note] Event Scheduler: Loaded 0 events
121212 11:41:12 [Note] C:\Program Files\MySQL\MySQL Server 5.5\bin\mysqld: ready for connections.
Version: '5.5.28'  socket: ''  port: 3306  MySQL Community Server (GPL)
121213  4:56:21 [Note] Plugin 'FEDERATED' is disabled.
121213  4:56:21 InnoDB: The InnoDB memory heap is disabled
121213  4:56:21 InnoDB: Mutexes and rw_locks use Windows interlocked functions
121213  4:56:21 InnoDB: Compressed tables use zlib 1.2.3
121213  4:56:21 InnoDB: Initializing buffer pool, size = 107.0M
121213  4:56:21 InnoDB: Completed initialization of buffer pool
121213  4:56:21 InnoDB: highest supported file format is Barracuda.
121213  4:56:22  InnoDB: Waiting for the background threads to start
121213  4:56:23 InnoDB: 1.1.8 started; log sequence number 1691594
121213  4:56:23 [Note] Server hostname (bind-address): '0.0.0.0'; port: 3306
121213  4:56:23 [Note]   - '0.0.0.0' resolves to '0.0.0.0';
121213  4:56:23 [Note] Server socket created on IP: '0.0.0.0'.
121213  4:56:23 [Note] Event Scheduler: Loaded 0 events
121213  4:56:23 [Note] C:\Program Files\MySQL\MySQL Server 5.5\bin\mysqld: ready for connections.
Version: '5.5.28'  socket: ''  port: 3306  MySQL Community Server (GPL)
121215  8:53:37 [Note] C:\Program Files\MySQL\MySQL Server 5.5\bin\mysqld: Normal shutdown

121215  8:53:37 [Note] Event Scheduler: Purging the queue. 0 events
121215  8:53:37  InnoDB: Starting shutdown...
121215  8:53:38  InnoDB: Shutdown completed; log sequence number 1816031
121215  8:53:38 [Note] C:\Program Files\MySQL\MySQL Server 5.5\bin\mysqld: Shutdown complete

121215 16:02:51 [Note] Plugin 'FEDERATED' is disabled.
121215 16:02:51 InnoDB: The InnoDB memory heap is disabled
121215 16:02:51 InnoDB: Mutexes and rw_locks use Windows interlocked functions
121215 16:02:51 InnoDB: Compressed tables use zlib 1.2.3
121215 16:02:51 InnoDB: Initializing buffer pool, size = 107.0M
121215 16:02:51 InnoDB: Completed initialization of buffer pool
121215 16:02:51 InnoDB: highest supported file format is Barracuda.
121215 16:02:51  InnoDB: Waiting for the background threads to start
121215 16:02:52 InnoDB: 1.1.8 started; log sequence number 1816031
121215 16:02:52 [Note] Server hostname (bind-address): '0.0.0.0'; port: 3306
121215 16:02:52 [Note]   - '0.0.0.0' resolves to '0.0.0.0';
121215 16:02:52 [Note] Server socket created on IP: '0.0.0.0'.
121215 16:02:53 [Note] Event Scheduler: Loaded 0 events
121215 16:02:53 [Note] C:\Program Files\MySQL\MySQL Server 5.5\bin\mysqld: ready for connections.
Version: '5.5.28'  socket: ''  port: 3306  MySQL Community Server (GPL)
121215 18:39:14 [Note] Plugin 'FEDERATED' is disabled.
121215 18:39:14 InnoDB: The InnoDB memory heap is disabled
121215 18:39:14 InnoDB: Mutexes and rw_locks use Windows interlocked functions
121215 18:39:14 InnoDB: Compressed tables use zlib 1.2.3
121215 18:39:14 InnoDB: Initializing buffer pool, size = 107.0M
121215 18:39:15 InnoDB: Completed initialization of buffer pool
121215 18:39:15 InnoDB: highest supported file format is Barracuda.
121215 18:39:15  InnoDB: Waiting for the background threads to start
121215 18:39:16 InnoDB: 1.1.8 started; log sequence number 1822486
121215 18:39:16 [Note] Server hostname (bind-address): '0.0.0.0'; port: 3306
121215 18:39:16 [Note]   - '0.0.0.0' resolves to '0.0.0.0';
121215 18:39:16 [Note] Server socket created on IP: '0.0.0.0'.
121215 18:39:16 [Note] Event Scheduler: Loaded 0 events
121215 18:39:16 [Note] C:\Program Files\MySQL\MySQL Server 5.5\bin\mysqld: ready for connections.
Version: '5.5.28'  socket: ''  port: 3306  MySQL Community Server (GPL)
121222 13:17:17 [Note] C:\Program Files\MySQL\MySQL Server 5.5\bin\mysqld: Normal shutdown

121222 13:17:18 [Note] Event Scheduler: Purging the queue. 0 events
121222 13:17:18  InnoDB: Starting shutdown...
121222 13:17:19  InnoDB: Shutdown completed; log sequence number 1827394
121222 13:17:19 [Note] C:\Program Files\MySQL\MySQL Server 5.5\bin\mysqld: Shutdown complete

121227 18:20:46 [Note] Plugin 'FEDERATED' is disabled.
121227 18:20:46 InnoDB: The InnoDB memory heap is disabled
121227 18:20:46 InnoDB: Mutexes and rw_locks use Windows interlocked functions
121227 18:20:46 InnoDB: Compressed tables use zlib 1.2.3
121227 18:20:46 InnoDB: Initializing buffer pool, size = 107.0M
121227 18:20:46 InnoDB: Completed initialization of buffer pool
121227 18:20:46 InnoDB: highest supported file format is Barracuda.
121227 18:20:46  InnoDB: Waiting for the background threads to start
121227 18:20:47 InnoDB: 1.1.8 started; log sequence number 1827394
121227 18:20:47 [Note] Server hostname (bind-address): '0.0.0.0'; port: 3306
121227 18:20:47 [Note]   - '0.0.0.0' resolves to '0.0.0.0';
121227 18:20:47 [Note] Server socket created on IP: '0.0.0.0'.
121227 18:20:48 [Note] Event Scheduler: Loaded 0 events
121227 18:20:48 [Note] C:\Program Files\MySQL\MySQL Server 5.5\bin\mysqld: ready for connections.
Version: '5.5.28'  socket: ''  port: 3306  MySQL Community Server (GPL)
121231  0:47:40 [Note] Plugin 'FEDERATED' is disabled.
121231  0:47:40 InnoDB: The InnoDB memory heap is disabled
121231  0:47:40 InnoDB: Mutexes and rw_locks use Windows interlocked functions
121231  0:47:40 InnoDB: Compressed tables use zlib 1.2.3
121231  0:47:40 InnoDB: Initializing buffer pool, size = 107.0M
121231  0:47:40 InnoDB: Completed initialization of buffer pool
121231  0:47:40 InnoDB: highest supported file format is Barracuda.
121231  0:47:41  InnoDB: Waiting for the background threads to start
121231  0:47:42 InnoDB: 1.1.8 started; log sequence number 1906508
121231  0:47:42 [Note] Server hostname (bind-address): '0.0.0.0'; port: 3306
121231  0:47:42 [Note]   - '0.0.0.0' resolves to '0.0.0.0';
121231  0:47:42 [Note] Server socket created on IP: '0.0.0.0'.
121231  0:47:42 [Note] Event Scheduler: Loaded 0 events
121231  0:47:42 [Note] C:\Program Files\MySQL\MySQL Server 5.5\bin\mysqld: ready for connections.
Version: '5.5.28'  socket: ''  port: 3306  MySQL Community Server (GPL)
130104  2:48:23 [Note] C:\Program Files\MySQL\MySQL Server 5.5\bin\mysqld: Normal shutdown

130104  2:48:23 [Note] Event Scheduler: Purging the queue. 0 events
130104  2:48:23  InnoDB: Starting shutdown...
130104  2:48:24  InnoDB: Shutdown completed; log sequence number 1956596
130104  2:48:24 [Note] C:\Program Files\MySQL\MySQL Server 5.5\bin\mysqld: Shutdown complete

130104  2:49:16 [Note] Plugin 'FEDERATED' is disabled.
130104  2:49:17 InnoDB: The InnoDB memory heap is disabled
130104  2:49:17 InnoDB: Mutexes and rw_locks use Windows interlocked functions
130104  2:49:17 InnoDB: Compressed tables use zlib 1.2.3
130104  2:49:17 InnoDB: Initializing buffer pool, size = 107.0M
130104  2:49:17 InnoDB: Completed initialization of buffer pool
130104  2:49:17 InnoDB: highest supported file format is Barracuda.
130104  2:49:17  InnoDB: Waiting for the background threads to start
130104  2:49:18 InnoDB: 1.1.8 started; log sequence number 1956596
130104  2:49:18 [Note] Server hostname (bind-address): '0.0.0.0'; port: 3306
130104  2:49:18 [Note]   - '0.0.0.0' resolves to '0.0.0.0';
130104  2:49:18 [Note] Server socket created on IP: '0.0.0.0'.
130104  2:49:18 [Note] Event Scheduler: Loaded 0 events
130104  2:49:18 [Note] C:\Program Files\MySQL\MySQL Server 5.5\bin\mysqld: ready for connections.
Version: '5.5.28'  socket: ''  port: 3306  MySQL Community Server (GPL)
130104  3:08:29 [Note] C:\Program Files\MySQL\MySQL Server 5.5\bin\mysqld: Normal shutdown

130104  3:08:29 [Note] Event Scheduler: Purging the queue. 0 events
130104  3:08:29  InnoDB: Starting shutdown...
130104  3:08:29  InnoDB: Shutdown completed; log sequence number 1956596
130104  3:08:29 [Note] C:\Program Files\MySQL\MySQL Server 5.5\bin\mysqld: Shutdown complete

130104  3:09:16 [Note] Plugin 'FEDERATED' is disabled.
130104  3:09:16 InnoDB: The InnoDB memory heap is disabled
130104  3:09:16 InnoDB: Mutexes and rw_locks use Windows interlocked functions
130104  3:09:16 InnoDB: Compressed tables use zlib 1.2.3
130104  3:09:16 InnoDB: Initializing buffer pool, size = 107.0M
130104  3:09:16 InnoDB: Completed initialization of buffer pool
130104  3:09:16 InnoDB: highest supported file format is Barracuda.
130104  3:09:16  InnoDB: Waiting for the background threads to start
130104  3:09:17 InnoDB: 1.1.8 started; log sequence number 1956596
130104  3:09:17 [Note] Server hostname (bind-address): '0.0.0.0'; port: 3306
130104  3:09:17 [Note]   - '0.0.0.0' resolves to '0.0.0.0';
130104  3:09:17 [Note] Server socket created on IP: '0.0.0.0'.
130104  3:09:18 [Note] Event Scheduler: Loaded 0 events
130104  3:09:18 [Note] C:\Program Files\MySQL\MySQL Server 5.5\bin\mysqld: ready for connections.
Version: '5.5.28'  socket: ''  port: 3306  MySQL Community Server (GPL)
130110  4:40:40 [Note] C:\Program Files\MySQL\MySQL Server 5.5\bin\mysqld: Normal shutdown

130110  4:40:40 [Note] Event Scheduler: Purging the queue. 0 events
130110  4:40:41  InnoDB: Starting shutdown...
130110  4:40:41  InnoDB: Shutdown completed; log sequence number 1973653
130110  4:40:41 [Note] C:\Program Files\MySQL\MySQL Server 5.5\bin\mysqld: Shutdown complete

130110 12:42:44 [Note] Plugin 'FEDERATED' is disabled.
130110 12:42:44 InnoDB: The InnoDB memory heap is disabled
130110 12:42:44 InnoDB: Mutexes and rw_locks use Windows interlocked functions
130110 12:42:44 InnoDB: Compressed tables use zlib 1.2.3
130110 12:42:44 InnoDB: Initializing buffer pool, size = 107.0M
130110 12:42:44 InnoDB: Completed initialization of buffer pool
130110 12:42:44 InnoDB: highest supported file format is Barracuda.
130110 12:42:44  InnoDB: Waiting for the background threads to start
130110 12:42:45 InnoDB: 1.1.8 started; log sequence number 1973653
130110 12:42:45 [Note] Server hostname (bind-address): '0.0.0.0'; port: 3306
130110 12:42:45 [Note]   - '0.0.0.0' resolves to '0.0.0.0';
130110 12:42:45 [Note] Server socket created on IP: '0.0.0.0'.
130110 12:42:46 [Note] Event Scheduler: Loaded 0 events
130110 12:42:46 [Note] C:\Program Files\MySQL\MySQL Server 5.5\bin\mysqld: ready for connections.
Version: '5.5.28'  socket: ''  port: 3306  MySQL Community Server (GPL)
130115 19:35:44 [Note] C:\Program Files\MySQL\MySQL Server 5.5\bin\mysqld: Normal shutdown

130115 19:35:44 [Note] Event Scheduler: Purging the queue. 0 events
130115 19:35:44  InnoDB: Starting shutdown...
130115 19:35:44  InnoDB: Shutdown completed; log sequence number 1973653
130115 19:35:44 [Note] C:\Program Files\MySQL\MySQL Server 5.5\bin\mysqld: Shutdown complete

130115 19:36:38 [Note] Plugin 'FEDERATED' is disabled.
130115 19:36:38 InnoDB: The InnoDB memory heap is disabled
130115 19:36:38 InnoDB: Mutexes and rw_locks use Windows interlocked functions
130115 19:36:38 InnoDB: Compressed tables use zlib 1.2.3
130115 19:36:38 InnoDB: Initializing buffer pool, size = 107.0M
130115 19:36:38 InnoDB: Completed initialization of buffer pool
130115 19:36:38 InnoDB: highest supported file format is Barracuda.
130115 19:36:39  InnoDB: Waiting for the background threads to start
130115 19:36:40 InnoDB: 1.1.8 started; log sequence number 1973653
130115 19:36:40 [Note] Server hostname (bind-address): '0.0.0.0'; port: 3306
130115 19:36:40 [Note]   - '0.0.0.0' resolves to '0.0.0.0';
130115 19:36:40 [Note] Server socket created on IP: '0.0.0.0'.
130115 19:36:40 [Note] Event Scheduler: Loaded 0 events
130115 19:36:40 [Note] C:\Program Files\MySQL\MySQL Server 5.5\bin\mysqld: ready for connections.
Version: '5.5.28'  socket: ''  port: 3306  MySQL Community Server (GPL)
130202 16:00:18 [Note] C:\Program Files\MySQL\MySQL Server 5.5\bin\mysqld: Normal shutdown

130202 16:00:19 [Note] Event Scheduler: Purging the queue. 0 events
130202 16:00:19  InnoDB: Starting shutdown...
130202 16:00:20  InnoDB: Shutdown completed; log sequence number 2519276
130202 16:00:20 [Note] C:\Program Files\MySQL\MySQL Server 5.5\bin\mysqld: Shutdown complete

130202 16:01:11 [Note] Plugin 'FEDERATED' is disabled.
130202 16:01:11 InnoDB: The InnoDB memory heap is disabled
130202 16:01:11 InnoDB: Mutexes and rw_locks use Windows interlocked functions
130202 16:01:11 InnoDB: Compressed tables use zlib 1.2.3
130202 16:01:11 InnoDB: Initializing buffer pool, size = 107.0M
130202 16:01:11 InnoDB: Completed initialization of buffer pool
130202 16:01:11 InnoDB: highest supported file format is Barracuda.
130202 16:01:12  InnoDB: Waiting for the background threads to start
130202 16:01:13 InnoDB: 1.1.8 started; log sequence number 2519276
130202 16:01:13 [Note] Server hostname (bind-address): '0.0.0.0'; port: 3306
130202 16:01:13 [Note]   - '0.0.0.0' resolves to '0.0.0.0';
130202 16:01:13 [Note] Server socket created on IP: '0.0.0.0'.
130202 16:01:13 [Note] Event Scheduler: Loaded 0 events
130202 16:01:13 [Note] C:\Program Files\MySQL\MySQL Server 5.5\bin\mysqld: ready for connections.
Version: '5.5.28'  socket: ''  port: 3306  MySQL Community Server (GPL)
